<?xml version="1.0" encoding="UTF-8"?>
<!-- Generated by org.testng.reporters.JUnitReportReporter -->
<testsuite hostname="DESKTOP-D28V65C" failures="0" tests="6" name="tn.esprit.rh.achat.ProduitServiceMockTest" time="4.565" errors="0" timestamp="2023-09-25T17:56:53 GMT+01:00" skipped="0">
  <testcase classname="tn.esprit.rh.achat.ProduitServiceMockTest" name="testdeleteProduit" time="0.767"/>
  <testcase classname="tn.esprit.rh.achat.ProduitServiceMockTest" name="testupdateProduit" time="0.765"/>
  <testcase classname="tn.esprit.rh.achat.ProduitServiceMockTest" name="testaddProduit" time="0.763"/>
  <testcase classname="tn.esprit.rh.achat.ProduitServiceMockTest" name="testassignProduitToStock" time="0.769"/>
  <testcase classname="tn.esprit.rh.achat.ProduitServiceMockTest" name="testRetrieveProduit" time="0.752"/>
  <testcase classname="tn.esprit.rh.achat.ProduitServiceMockTest" name="testretrieveAllProduits" time="0.749"/>
</testsuite> <!-- tn.esprit.rh.achat.ProduitServiceMockTest -->
